[ 2019-01-25T17:25:46+08:00 ] ::1 ::1 GET /
[ log ] myshop.com/ [运行时间：0.051666s][吞吐率：19.36req/s] [内存消耗：1,450.09kb] [文件加载：49]
[ info ] [ LANG ] D:\myphp_www\PHPTutorial\WWW\myshop\include\lang\zh-cn.php
[ info ] [ ROUTE ] array (
  'type' => 'module',
  'module' => 
  array (
    0 => '',
    1 => NULL,
    2 => NULL,
  ),
)
[ info ] [ HEADER ] array (
  'cookie' => 'pgv_pvi=4027603968',
  'accept-language' => 'zh-CN,zh;q=0.9',
  'accept-encoding' => 'gzip, deflate',
  'accept' => 'text/html,application/xhtml+xml,application/xml;q=0.9,image/webp,image/apng,*/*;q=0.8',
  'user-agent' => 'Mozilla/5.0 (Windows NT 10.0; WOW64) AppleWebKit/537.36 (KHTML, like Gecko) Chrome/69.0.3497.100 Safari/537.36',
  'upgrade-insecure-requests' => '1',
  'connection' => 'close',
  'host' => 'myshop.com',
)
[ info ] [ PARAM ] array (
)
[ info ] [ RUN ] app\index\controller\Index->index[ D:\myphp_www\PHPTutorial\WWW\myshop\application\index\controller\Index.php ]
[ info ] [ LOG ] INIT File
[ error ] [0]模板文件不存在:D:\myphp_www\PHPTutorial\WWW\myshop/application/index\view\index\index.html[D:\myphp_www\PHPTutorial\WWW\myshop\include\library\think\view\driver\Think.php:80]

---------------------------------------------------------------
[ 2019-01-25T17:25:47+08:00 ] ::1 ::1 GET /favicon.ico
[ log ] myshop.com/favicon.ico [运行时间：0.023515s][吞吐率：42.53req/s] [内存消耗：1,244.77kb] [文件加载：41]
[ info ] [ LANG ] D:\myphp_www\PHPTutorial\WWW\myshop\include\lang\zh-cn.php
[ info ] [ ROUTE ] array (
  'type' => 'module',
  'module' => 
  array (
    0 => 'favicon.ico',
    1 => NULL,
    2 => NULL,
  ),
)
[ info ] [ HEADER ] array (
  'cookie' => 'pgv_pvi=4027603968',
  'accept-language' => 'zh-CN,zh;q=0.9',
  'accept-encoding' => 'gzip, deflate',
  'referer' => 'http://myshop.com/',
  'accept' => 'image/webp,image/apng,image/*,*/*;q=0.8',
  'user-agent' => 'Mozilla/5.0 (Windows NT 10.0; WOW64) AppleWebKit/537.36 (KHTML, like Gecko) Chrome/69.0.3497.100 Safari/537.36',
  'connection' => 'close',
  'host' => 'myshop.com',
)
[ info ] [ PARAM ] array (
)
[ info ] [ LOG ] INIT File

---------------------------------------------------------------
[ 2019-01-25T17:45:10+08:00 ] ::1 ::1 GET /
[ log ] myshop.com/ [运行时间：0.043820s][吞吐率：22.82req/s] [内存消耗：1,450.54kb] [文件加载：49]
[ info ] [ LANG ] D:\myphp_www\PHPTutorial\WWW\myshop\include\lang\zh-cn.php
[ info ] [ ROUTE ] array (
  'type' => 'module',
  'module' => 
  array (
    0 => '',
    1 => NULL,
    2 => NULL,
  ),
)
[ info ] [ HEADER ] array (
  'cookie' => 'pgv_pvi=4027603968',
  'accept-language' => 'zh-CN,zh;q=0.9',
  'accept-encoding' => 'gzip, deflate',
  'accept' => 'text/html,application/xhtml+xml,application/xml;q=0.9,image/webp,image/apng,*/*;q=0.8',
  'user-agent' => 'Mozilla/5.0 (Windows NT 10.0; WOW64) AppleWebKit/537.36 (KHTML, like Gecko) Chrome/69.0.3497.100 Safari/537.36',
  'upgrade-insecure-requests' => '1',
  'cache-control' => 'max-age=0',
  'connection' => 'close',
  'host' => 'myshop.com',
)
[ info ] [ PARAM ] array (
)
[ info ] [ RUN ] app\index\controller\Index->index[ D:\myphp_www\PHPTutorial\WWW\myshop\application\index\controller\Index.php ]
[ info ] [ LOG ] INIT File
[ error ] [0]模板文件不存在:D:\myphp_www\PHPTutorial\WWW\myshop/application/index\view\index\index.html[D:\myphp_www\PHPTutorial\WWW\myshop\include\library\think\view\driver\Think.php:80]

---------------------------------------------------------------
[ 2019-01-25T17:45:11+08:00 ] ::1 ::1 GET /
[ log ] myshop.com/ [运行时间：0.031653s][吞吐率：31.59req/s] [内存消耗：1,450.54kb] [文件加载：49]
[ info ] [ LANG ] D:\myphp_www\PHPTutorial\WWW\myshop\include\lang\zh-cn.php
[ info ] [ ROUTE ] array (
  'type' => 'module',
  'module' => 
  array (
    0 => '',
    1 => NULL,
    2 => NULL,
  ),
)
[ info ] [ HEADER ] array (
  'cookie' => 'pgv_pvi=4027603968',
  'accept-language' => 'zh-CN,zh;q=0.9',
  'accept-encoding' => 'gzip, deflate',
  'accept' => 'text/html,application/xhtml+xml,application/xml;q=0.9,image/webp,image/apng,*/*;q=0.8',
  'user-agent' => 'Mozilla/5.0 (Windows NT 10.0; WOW64) AppleWebKit/537.36 (KHTML, like Gecko) Chrome/69.0.3497.100 Safari/537.36',
  'upgrade-insecure-requests' => '1',
  'cache-control' => 'max-age=0',
  'connection' => 'close',
  'host' => 'myshop.com',
)
[ info ] [ PARAM ] array (
)
[ info ] [ RUN ] app\index\controller\Index->index[ D:\myphp_www\PHPTutorial\WWW\myshop\application\index\controller\Index.php ]
[ info ] [ LOG ] INIT File
[ error ] [0]模板文件不存在:D:\myphp_www\PHPTutorial\WWW\myshop/application/index\view\index\index.html[D:\myphp_www\PHPTutorial\WWW\myshop\include\library\think\view\driver\Think.php:80]

---------------------------------------------------------------
[ 2019-01-25T17:45:12+08:00 ] ::1 ::1 GET /
[ log ] myshop.com/ [运行时间：0.032779s][吞吐率：30.51req/s] [内存消耗：1,450.54kb] [文件加载：49]
[ info ] [ LANG ] D:\myphp_www\PHPTutorial\WWW\myshop\include\lang\zh-cn.php
[ info ] [ ROUTE ] array (
  'type' => 'module',
  'module' => 
  array (
    0 => '',
    1 => NULL,
    2 => NULL,
  ),
)
[ info ] [ HEADER ] array (
  'cookie' => 'pgv_pvi=4027603968',
  'accept-language' => 'zh-CN,zh;q=0.9',
  'accept-encoding' => 'gzip, deflate',
  'accept' => 'text/html,application/xhtml+xml,application/xml;q=0.9,image/webp,image/apng,*/*;q=0.8',
  'user-agent' => 'Mozilla/5.0 (Windows NT 10.0; WOW64) AppleWebKit/537.36 (KHTML, like Gecko) Chrome/69.0.3497.100 Safari/537.36',
  'upgrade-insecure-requests' => '1',
  'cache-control' => 'max-age=0',
  'connection' => 'close',
  'host' => 'myshop.com',
)
[ info ] [ PARAM ] array (
)
[ info ] [ RUN ] app\index\controller\Index->index[ D:\myphp_www\PHPTutorial\WWW\myshop\application\index\controller\Index.php ]
[ info ] [ LOG ] INIT File
[ error ] [0]模板文件不存在:D:\myphp_www\PHPTutorial\WWW\myshop/application/index\view\index\index.html[D:\myphp_www\PHPTutorial\WWW\myshop\include\library\think\view\driver\Think.php:80]

---------------------------------------------------------------
